<?xml version="1.0" encoding="utf-8"?><testsuites name="pytest tests"><testsuite name="pytest" errors="0" failures="0" skipped="0" tests="18" time="3.196" timestamp="2026-03-30T02:30:43.458352+00:00" hostname="agent-env-2c045764-8f88-4a6f-892e-0362cde0e81f"><testcase classname="backend.tests.test_payments_admin" name="test_payment_summary_returns_structure" time="0.461" /><testcase classname="backend.tests.test_payments_admin" name="test_create_payment_batch" time="0.233" /><testcase classname="backend.tests.test_payments_admin" name="test_reconciliation_returns_structure" time="0.116" /><testcase classname="backend.tests.test_payments_admin" name="test_portal_roles_returns_five_roles" time="0.111" /><testcase classname="backend.tests.test_payments_admin" name="test_system_overview_returns_counts" time="0.118" /><testcase classname="backend.tests.test_payments_admin" name="test_onboard_tpa" time="0.117" /><testcase classname="backend.tests.test_payments_admin" name="test_traceability_returns_chain" time="0.211" /><testcase classname="backend.tests.test_payments_admin" name="test_audit_logs_returns_structure" time="0.111" /><testcase classname="backend.tests.test_payments_admin" name="test_audit_summary_returns_structure" time="0.109" /><testcase classname="backend.tests.test_payments_admin" name="test_rx_template_returns_structure" time="0.105" /><testcase classname="backend.tests.test_payments_admin" name="test_classify_glp1_drug" time="0.108" /><testcase classname="backend.tests.test_payments_admin" name="test_classify_generic_drug" time="0.103" /><testcase classname="backend.tests.test_payments_admin" name="test_auto_adjust_tiers" time="0.214" /><testcase classname="backend.tests.test_payments_admin" name="test_eob_pdf_returns_pdf" time="0.282" /><testcase classname="backend.tests.test_payments_admin" name="test_eop_pdf_returns_pdf" time="0.224" /><testcase classname="backend.tests.test_payments_admin" name="test_update_idr_tracking" time="0.222" /><testcase classname="backend.tests.test_payments_admin" name="test_list_payments" time="0.132" /><testcase classname="backend.tests.test_payments_admin" name="test_list_batches" time="0.115" /></testsuite></testsuites>