<?xml version="1.0" encoding="utf-8"?><testsuites name="pytest tests"><testsuite name="pytest" errors="0" failures="0" skipped="0" tests="25" time="3.299" timestamp="2026-03-30T00:12:45.464308+00:00" hostname="agent-env-2c045764-8f88-4a6f-892e-0362cde0e81f"><testcase classname="backend.tests.test_edi_parser.TestEDI834Validate" name="test_validate_834_x12_parses_envelope" time="0.510" /><testcase classname="backend.tests.test_edi_parser.TestEDI834Validate" name="test_validate_834_x12_parses_members" time="0.113" /><testcase classname="backend.tests.test_edi_parser.TestEDI834Validate" name="test_validate_834_x12_parses_dmg_gender_dob" time="0.115" /><testcase classname="backend.tests.test_edi_parser.TestEDI834Validate" name="test_validate_834_x12_parses_dtp_effective_date" time="0.124" /><testcase classname="backend.tests.test_edi_parser.TestEDI834Validate" name="test_validate_834_x12_parses_hd_coverage_type" time="0.120" /><testcase classname="backend.tests.test_edi_parser.TestEDI834Validate" name="test_validate_834_pipe_fallback" time="0.096" /><testcase classname="backend.tests.test_edi_parser.TestEDI834Upload" name="test_upload_834_x12_creates_members" time="0.108" /><testcase classname="backend.tests.test_edi_parser.TestEDI834Upload" name="test_upload_834_returns_counts" time="0.127" /><testcase classname="backend.tests.test_edi_parser.TestEDI834Upload" name="test_upload_834_pipe_fallback" time="0.117" /><testcase classname="backend.tests.test_edi_parser.TestEDI837Validate" name="test_validate_837_x12_parses_envelope" time="0.116" /><testcase classname="backend.tests.test_edi_parser.TestEDI837Validate" name="test_validate_837_x12_parses_claims" time="0.107" /><testcase classname="backend.tests.test_edi_parser.TestEDI837Validate" name="test_validate_837_x12_parses_diagnosis_codes" time="0.111" /><testcase classname="backend.tests.test_edi_parser.TestEDI837Validate" name="test_validate_837_x12_parses_service_lines" time="0.118" /><testcase classname="backend.tests.test_edi_parser.TestEDI837Validate" name="test_validate_837_pipe_fallback" time="0.104" /><testcase classname="backend.tests.test_edi_parser.TestEDI837Upload" name="test_upload_837_x12_creates_claims" time="0.127" /><testcase classname="backend.tests.test_edi_parser.TestEDI837Upload" name="test_upload_837_returns_envelope" time="0.101" /><testcase classname="backend.tests.test_edi_parser.TestEDI835Generate" name="test_generate_835_x12_format" time="0.113" /><testcase classname="backend.tests.test_edi_parser.TestEDI835Generate" name="test_generate_835_pipe_format" time="0.106" /><testcase classname="backend.tests.test_edi_parser.TestEDI835Generate" name="test_generate_835_returns_claim_count" time="0.108" /><testcase classname="backend.tests.test_edi_parser.TestEDI835Generate" name="test_generate_835_x12_has_clp_svc_segments" time="0.106" /><testcase classname="backend.tests.test_edi_parser.TestEDITransactions" name="test_transactions_returns_list" time="0.105" /><testcase classname="backend.tests.test_edi_parser.TestEDITransactions" name="test_transactions_have_required_fields" time="0.118" /><testcase classname="backend.tests.test_edi_parser.TestEDITransactions" name="test_transactions_filter_by_type" time="0.110" /><testcase classname="backend.tests.test_edi_parser.TestEDI834MaintenanceCodes" name="test_834_cancellation_maintenance_type" time="0.108" /><testcase classname="backend.tests.test_edi_parser.TestEDI834MaintenanceCodes" name="test_834_reinstatement_maintenance_type" time="0.103" /></testsuite></testsuites>