<?xml version="1.0" encoding="utf-8"?><testsuites name="pytest tests"><testsuite name="pytest" errors="0" failures="0" skipped="0" tests="20" time="2.845" timestamp="2026-03-29T20:57:15.337445+00:00" hostname="agent-env-2c045764-8f88-4a6f-892e-0362cde0e81f"><testcase classname="tests.test_preventive_services.TestPreventiveCategories" name="test_get_categories_returns_7_categories" time="0.521" /><testcase classname="tests.test_preventive_services.TestPreventiveCategories" name="test_wellness_visit_has_14_services" time="0.130" /><testcase classname="tests.test_preventive_services.TestPreventiveCategories" name="test_immunization_has_15_services" time="0.099" /><testcase classname="tests.test_preventive_services.TestPreventiveCategories" name="test_cancer_screening_has_11_services" time="0.165" /><testcase classname="tests.test_preventive_services.TestPreventiveSearch" name="test_search_99395_returns_wellness_visit" time="0.113" /><testcase classname="tests.test_preventive_services.TestPreventiveSearch" name="test_search_mammogram_returns_cancer_screening" time="0.157" /><testcase classname="tests.test_preventive_services.TestPreventiveSearch" name="test_search_colonoscopy_returns_results" time="0.111" /><testcase classname="tests.test_preventive_services.TestPreventiveSearch" name="test_search_hpv_returns_immunization" time="0.123" /><testcase classname="tests.test_preventive_services.TestPreventiveAnalytics" name="test_analytics_returns_total_codes_63" time="0.109" /><testcase classname="tests.test_preventive_services.TestPreventiveAnalytics" name="test_analytics_returns_utilization_metrics" time="0.105" /><testcase classname="tests.test_preventive_services.TestPreventiveAbuseDetection" name="test_abuse_detection_returns_flags" time="0.123" /><testcase classname="tests.test_preventive_services.TestPreventiveServices" name="test_list_all_services_returns_63" time="0.108" /><testcase classname="tests.test_preventive_services.TestPreventiveServices" name="test_list_services_by_category_wellness" time="0.106" /><testcase classname="tests.test_preventive_services.TestPreventiveServices" name="test_list_services_by_category_immunization" time="0.118" /><testcase classname="tests.test_preventive_services.TestExistingEndpointsStillWork" name="test_dashboard_metrics" time="0.110" /><testcase classname="tests.test_preventive_services.TestExistingEndpointsStillWork" name="test_claims_list" time="0.110" /><testcase classname="tests.test_preventive_services.TestExistingEndpointsStillWork" name="test_plans_list" time="0.106" /><testcase classname="tests.test_preventive_services.TestExistingEndpointsStillWork" name="test_prior_auth_list" time="0.120" /><testcase classname="tests.test_preventive_services.TestExistingEndpointsStillWork" name="test_network_summary" time="0.134" /><testcase classname="tests.test_preventive_services.TestExistingEndpointsStillWork" name="test_code_database_stats" time="0.110" /></testsuite></testsuites>