<?xml version="1.0" encoding="utf-8"?><testsuites name="pytest tests"><testsuite name="pytest" errors="0" failures="0" skipped="0" tests="10" time="7.513" timestamp="2026-03-30T02:53:21.674732+00:00" hostname="agent-env-2c045764-8f88-4a6f-892e-0362cde0e81f"><testcase classname="tests.test_claims_adjudication_fields.TestClaimsAdjudicationFields" name="test_list_claims_returns_adjudication_fields" time="0.494" /><testcase classname="tests.test_claims_adjudication_fields.TestClaimsAdjudicationFields" name="test_get_single_claim_returns_adjudication_fields" time="0.432" /><testcase classname="tests.test_claims_adjudication_fields.TestClaimsAdjudicationFields" name="test_create_claim_returns_adjudication_fields" time="0.438" /><testcase classname="tests.test_claims_adjudication_fields.TestClaimsAdjudicationFields" name="test_adjudicate_claim_returns_updated_fields" time="0.456" /><testcase classname="tests.test_claims_adjudication_fields.TestBatchClaimsAdjudicationFields" name="test_batch_claims_endpoint" time="0.482" /><testcase classname="tests.test_claims_adjudication_fields.TestAIAgentAndRxClassification" name="test_ai_agent_chat" time="3.534" /><testcase classname="tests.test_claims_adjudication_fields.TestAIAgentAndRxClassification" name="test_rx_classification" time="0.408" /><testcase classname="tests.test_claims_adjudication_fields.TestClaimStatusVariations" name="test_approved_claims_have_adjudication_fields" time="0.398" /><testcase classname="tests.test_claims_adjudication_fields.TestClaimStatusVariations" name="test_denied_claims_have_adjudication_fields" time="0.405" /><testcase classname="tests.test_claims_adjudication_fields.TestClaimStatusVariations" name="test_duplicate_claims_have_adjudication_fields" time="0.379" /></testsuite></testsuites>