<?xml version="1.0" encoding="utf-8"?><testsuites name="pytest tests"><testsuite name="pytest" errors="0" failures="0" skipped="0" tests="14" time="2.245" timestamp="2026-03-29T23:52:43.771266+00:00" hostname="agent-env-2c045764-8f88-4a6f-892e-0362cde0e81f"><testcase classname="backend.tests.test_member_360.TestMemberAccumulators" name="test_accumulators_returns_individual_deductible" time="0.485" /><testcase classname="backend.tests.test_member_360.TestMemberAccumulators" name="test_accumulators_returns_family_deductible_with_contributions" time="0.148" /><testcase classname="backend.tests.test_member_360.TestMemberAccumulators" name="test_accumulators_returns_oop_max" time="0.115" /><testcase classname="backend.tests.test_member_360.TestMemberAccumulators" name="test_accumulators_nonexistent_member_returns_404" time="0.123" /><testcase classname="backend.tests.test_member_360.TestMemberClaimsHistory" name="test_claims_history_returns_list" time="0.109" /><testcase classname="backend.tests.test_member_360.TestMemberClaimsHistory" name="test_claims_history_has_required_fields" time="0.151" /><testcase classname="backend.tests.test_member_360.TestMemberClaimsHistory" name="test_claims_history_has_cpt_codes_array" time="0.117" /><testcase classname="backend.tests.test_member_360.TestMemberClaimsHistory" name="test_claims_history_nonexistent_member_returns_404" time="0.109" /><testcase classname="backend.tests.test_member_360.TestMemberDependents" name="test_dependents_returns_subscriber_object" time="0.117" /><testcase classname="backend.tests.test_member_360.TestMemberDependents" name="test_dependents_returns_dependents_array" time="0.109" /><testcase classname="backend.tests.test_member_360.TestMemberDependents" name="test_dependents_returns_household_size" time="0.104" /><testcase classname="backend.tests.test_member_360.TestMemberDependents" name="test_dependents_nonexistent_member_returns_404" time="0.120" /><testcase classname="backend.tests.test_member_360.TestClaimEOBDetail" name="test_claim_detail_has_service_lines" time="0.228" /><testcase classname="backend.tests.test_member_360.TestMemberBasicEndpoint" name="test_member_detail_has_header_fields" time="0.121" /></testsuite></testsuites>