<?xml version="1.0" encoding="utf-8"?><testsuites name="pytest tests"><testsuite name="pytest" errors="0" failures="0" skipped="4" tests="27" time="7.342" timestamp="2026-03-30T01:13:57.516569+00:00" hostname="agent-env-2c045764-8f88-4a6f-892e-0362cde0e81f"><testcase classname="backend.tests.test_finance_disbursement.TestVendorPayablesCRUD" name="test_list_vendor_payables" time="0.692" /><testcase classname="backend.tests.test_finance_disbursement.TestVendorPayablesCRUD" name="test_list_vendor_payables_filter_by_group" time="0.110" /><testcase classname="backend.tests.test_finance_disbursement.TestVendorPayablesCRUD" name="test_create_vendor_payable_pbm" time="0.118" /><testcase classname="backend.tests.test_finance_disbursement.TestVendorPayablesCRUD" name="test_create_vendor_payable_telehealth" time="0.105" /><testcase classname="backend.tests.test_finance_disbursement.TestVendorPayablesCRUD" name="test_update_vendor_payable" time="0.126" /><testcase classname="backend.tests.test_finance_disbursement.TestVendorPayablesCRUD" name="test_delete_vendor_payable" time="0.120" /><testcase classname="backend.tests.test_finance_disbursement.TestCheckRunWithVendorFees" name="test_pending_includes_vendor_fees" time="0.460" /><testcase classname="backend.tests.test_finance_disbursement.TestCheckRunWithVendorFees" name="test_pending_includes_provider_breakdown" time="0.126" /><testcase classname="backend.tests.test_finance_disbursement.TestCheckRunDetail" name="test_detail_includes_wf_transactions" time="0.549" /><testcase classname="backend.tests.test_finance_disbursement.TestCheckRunDetail" name="test_detail_includes_provider_batches" time="0.203" /><testcase classname="backend.tests.test_finance_disbursement.TestCheckRunDetail" name="test_detail_claims_include_wf_transaction_id" time="0.228" /><testcase classname="backend.tests.test_finance_disbursement.TestWFTransactions" name="test_get_wf_transactions" time="0.567" /><testcase classname="backend.tests.test_finance_disbursement.TestWFWebhook" name="test_wf_webhook_invalid_txn" time="0.452" /><testcase classname="backend.tests.test_finance_disbursement.TestPDFGeneration" name="test_pdf_requires_token" time="0.634" /><testcase classname="backend.tests.test_finance_disbursement.TestPDFGeneration" name="test_pdf_with_valid_token" time="0.306" /><testcase classname="backend.tests.test_finance_disbursement.TestPDFGeneration" name="test_pdf_not_found" time="0.124" /><testcase classname="backend.tests.test_finance_disbursement.TestFullCheckRunLifecycle" name="test_01_generate_funding_request" time="0.725"><skipped type="pytest.skip" message="No pending claims for test group">/app/backend/tests/test_finance_disbursement.py:489: No pending claims for test group</skipped></testcase><testcase classname="backend.tests.test_finance_disbursement.TestFullCheckRunLifecycle" name="test_02_confirm_funding" time="0.000"><skipped type="pytest.skip" message="No funding request generated">/app/backend/tests/test_finance_disbursement.py:517: No funding request generated</skipped></testcase><testcase classname="backend.tests.test_finance_disbursement.TestFullCheckRunLifecycle" name="test_03_execute_check_run" time="0.000"><skipped type="pytest.skip" message="No funding request generated">/app/backend/tests/test_finance_disbursement.py:532: No funding request generated</skipped></testcase><testcase classname="backend.tests.test_finance_disbursement.TestFullCheckRunLifecycle" name="test_04_verify_claims_paid" time="0.000"><skipped type="pytest.skip" message="No check run executed">/app/backend/tests/test_finance_disbursement.py:552: No check run executed</skipped></testcase><testcase classname="backend.tests.test_finance_disbursement.TestCheckRunListFilters" name="test_list_by_status_executed" time="0.535" /><testcase classname="backend.tests.test_finance_disbursement.TestCheckRunListFilters" name="test_list_by_status_pending_funding" time="0.108" /><testcase classname="backend.tests.test_finance_disbursement.TestCheckRunListFilters" name="test_list_by_status_funded" time="0.107" /><testcase classname="backend.tests.test_finance_disbursement.TestRegressionPages" name="test_groups_page_funding_type" time="0.437" /><testcase classname="backend.tests.test_finance_disbursement.TestRegressionPages" name="test_settings_page" time="0.105" /><testcase classname="backend.tests.test_finance_disbursement.TestRegressionPages" name="test_edi_page" time="0.105" /><testcase classname="backend.tests.test_finance_disbursement.TestRegressionPages" name="test_dashboard_funding_health" time="0.143" /></testsuite></testsuites>