<?xml version="1.0" encoding="utf-8"?><testsuites name="pytest tests"><testsuite name="pytest" errors="0" failures="0" skipped="0" tests="24" time="3.604" timestamp="2026-03-30T00:37:52.317384+00:00" hostname="agent-env-2c045764-8f88-4a6f-892e-0362cde0e81f"><testcase classname="backend.tests.test_sftp_scheduler.TestSFTPConnections" name="test_create_sftp_connection" time="0.509" /><testcase classname="backend.tests.test_sftp_scheduler.TestSFTPConnections" name="test_list_sftp_connections" time="0.118" /><testcase classname="backend.tests.test_sftp_scheduler.TestSFTPConnections" name="test_password_masking_in_get" time="0.134" /><testcase classname="backend.tests.test_sftp_scheduler.TestSFTPConnections" name="test_update_sftp_connection" time="0.118" /><testcase classname="backend.tests.test_sftp_scheduler.TestSFTPConnections" name="test_test_sftp_connection_saved" time="0.172" /><testcase classname="backend.tests.test_sftp_scheduler.TestSFTPConnections" name="test_test_inline_connection" time="0.153" /><testcase classname="backend.tests.test_sftp_scheduler.TestSFTPSchedules" name="test_create_sftp_schedule" time="0.138" /><testcase classname="backend.tests.test_sftp_scheduler.TestSFTPSchedules" name="test_list_sftp_schedules" time="0.112" /><testcase classname="backend.tests.test_sftp_scheduler.TestSFTPSchedules" name="test_update_sftp_schedule" time="0.103" /><testcase classname="backend.tests.test_sftp_scheduler.TestSFTPSchedules" name="test_toggle_schedule" time="0.231" /><testcase classname="backend.tests.test_sftp_scheduler.TestSFTPSchedules" name="test_run_schedule_now" time="0.112" /><testcase classname="backend.tests.test_sftp_scheduler.TestIntakeLogs" name="test_list_intake_logs" time="0.127" /><testcase classname="backend.tests.test_sftp_scheduler.TestIntakeLogs" name="test_intake_logs_with_limit" time="0.122" /><testcase classname="backend.tests.test_sftp_scheduler.TestExportDataEngine" name="test_export_834_hipaa_format" time="0.164" /><testcase classname="backend.tests.test_sftp_scheduler.TestExportDataEngine" name="test_export_834_csv_format" time="0.114" /><testcase classname="backend.tests.test_sftp_scheduler.TestExportDataEngine" name="test_export_auth_feed_csv" time="0.106" /><testcase classname="backend.tests.test_sftp_scheduler.TestExportDataEngine" name="test_export_auth_feed_hipaa" time="0.122" /><testcase classname="backend.tests.test_sftp_scheduler.TestTransmissionLog" name="test_list_transmissions" time="0.103" /><testcase classname="backend.tests.test_sftp_scheduler.TestVendorCRUD" name="test_list_vendors" time="0.121" /><testcase classname="backend.tests.test_sftp_scheduler.TestVendorCRUD" name="test_create_vendor" time="0.107" /><testcase classname="backend.tests.test_sftp_scheduler.TestVendorCRUD" name="test_update_vendor" time="0.110" /><testcase classname="backend.tests.test_sftp_scheduler.TestCleanup" name="test_delete_schedule" time="0.162" /><testcase classname="backend.tests.test_sftp_scheduler.TestCleanup" name="test_delete_connection" time="0.118" /><testcase classname="backend.tests.test_sftp_scheduler.TestCleanup" name="test_delete_vendor" time="0.114" /></testsuite></testsuites>