<?xml version="1.0" encoding="utf-8"?><testsuites name="pytest tests"><testsuite name="pytest" errors="0" failures="0" skipped="0" tests="23" time="3.556" timestamp="2026-03-29T20:35:33.085087+00:00" hostname="agent-env-2c045764-8f88-4a6f-892e-0362cde0e81f"><testcase classname="backend.tests.test_fletchflow_api.TestHealthAndRoot" name="test_root_endpoint_returns_fletchflow_branding" time="0.133" /><testcase classname="backend.tests.test_fletchflow_api.TestHealthAndRoot" name="test_health_check" time="0.104" /><testcase classname="backend.tests.test_fletchflow_api.TestAuthentication" name="test_login_with_fletchflow_credentials" time="0.346" /><testcase classname="backend.tests.test_fletchflow_api.TestAuthentication" name="test_login_with_javelina_credentials" time="0.336" /><testcase classname="backend.tests.test_fletchflow_api.TestAuthentication" name="test_login_invalid_credentials" time="0.108" /><testcase classname="backend.tests.test_fletchflow_api.TestCodeDatabaseStats" name="test_code_database_stats_grand_total" time="0.457" /><testcase classname="backend.tests.test_fletchflow_api.TestDentalCodes" name="test_search_dental_code_d1110" time="0.107" /><testcase classname="backend.tests.test_fletchflow_api.TestDentalCodes" name="test_search_dental_by_description" time="0.130" /><testcase classname="backend.tests.test_fletchflow_api.TestVisionCodes" name="test_search_vision_code_92014" time="0.109" /><testcase classname="backend.tests.test_fletchflow_api.TestVisionCodes" name="test_search_vision_by_description" time="0.125" /><testcase classname="backend.tests.test_fletchflow_api.TestHearingCodes" name="test_search_hearing_code_92557" time="0.123" /><testcase classname="backend.tests.test_fletchflow_api.TestHearingCodes" name="test_search_hearing_by_description" time="0.117" /><testcase classname="backend.tests.test_fletchflow_api.TestPriorAuth" name="test_prior_auth_list_returns_empty_array" time="0.108" /><testcase classname="backend.tests.test_fletchflow_api.TestNetwork" name="test_network_summary_returns_data" time="0.130" /><testcase classname="backend.tests.test_fletchflow_api.TestDashboard" name="test_dashboard_metrics" time="0.103" /><testcase classname="backend.tests.test_fletchflow_api.TestDashboard" name="test_dashboard_claims_by_status" time="0.112" /><testcase classname="backend.tests.test_fletchflow_api.TestDashboard" name="test_dashboard_claims_by_type" time="0.105" /><testcase classname="backend.tests.test_fletchflow_api.TestClaims" name="test_claims_list" time="0.130" /><testcase classname="backend.tests.test_fletchflow_api.TestPlans" name="test_plans_list" time="0.113" /><testcase classname="backend.tests.test_fletchflow_api.TestMembers" name="test_members_list" time="0.134" /><testcase classname="backend.tests.test_fletchflow_api.TestFeeSchedule" name="test_fee_schedule_stats" time="0.107" /><testcase classname="backend.tests.test_fletchflow_api.TestDuplicates" name="test_duplicates_list" time="0.109" /><testcase classname="backend.tests.test_fletchflow_api.TestMedicalCPTCodes" name="test_search_cpt_code_99213" time="0.103" /></testsuite></testsuites>