<?xml version="1.0" encoding="utf-8"?><testsuites name="pytest tests"><testsuite name="pytest" errors="0" failures="0" skipped="2" tests="30" time="8.111" timestamp="2026-03-30T00:55:21.496188+00:00" hostname="agent-env-2c045764-8f88-4a6f-892e-0362cde0e81f"><testcase classname="backend.tests.test_check_runs_funding.TestCheckRunGroups" name="test_list_aso_groups" time="0.684" /><testcase classname="backend.tests.test_check_runs_funding.TestCheckRunGroups" name="test_aso_groups_only_returns_aso_type" time="0.134" /><testcase classname="backend.tests.test_check_runs_funding.TestCheckRunPending" name="test_get_pending_all_groups" time="0.479" /><testcase classname="backend.tests.test_check_runs_funding.TestCheckRunPending" name="test_get_pending_with_group_filter" time="0.137" /><testcase classname="backend.tests.test_check_runs_funding.TestCheckRunLifecycle" name="test_generate_funding_request" time="0.435"><skipped type="pytest.skip" message="No pending claims for Acme Manufacturing to generate funding request">/app/backend/tests/test_check_runs_funding.py:132: No pending claims for Acme Manufacturing to generate funding request</skipped></testcase><testcase classname="backend.tests.test_check_runs_funding.TestCheckRunLifecycle" name="test_generate_funding_request_invalid_group" time="0.106" /><testcase classname="backend.tests.test_check_runs_funding.TestCheckRunList" name="test_list_all_check_runs" time="0.450" /><testcase classname="backend.tests.test_check_runs_funding.TestCheckRunList" name="test_list_check_runs_filter_by_group" time="0.131" /><testcase classname="backend.tests.test_check_runs_funding.TestCheckRunList" name="test_list_check_runs_filter_by_status" time="0.117" /><testcase classname="backend.tests.test_check_runs_funding.TestCheckRunDetail" name="test_get_check_run_detail" time="0.566" /><testcase classname="backend.tests.test_check_runs_funding.TestCheckRunDetail" name="test_get_check_run_not_found" time="0.111" /><testcase classname="backend.tests.test_check_runs_funding.TestGroupsFundingType" name="test_create_group_with_aso_funding" time="0.438" /><testcase classname="backend.tests.test_check_runs_funding.TestGroupsFundingType" name="test_create_group_with_level_funded" time="0.108" /><testcase classname="backend.tests.test_check_runs_funding.TestGroupsFundingType" name="test_create_group_with_fully_insured" time="0.122" /><testcase classname="backend.tests.test_check_runs_funding.TestReserveFund" name="test_get_reserve_fund_level_funded" time="0.438" /><testcase classname="backend.tests.test_check_runs_funding.TestReserveFund" name="test_reserve_fund_aso_group_returns_error" time="0.113" /><testcase classname="backend.tests.test_check_runs_funding.TestReserveFund" name="test_reserve_fund_monthly_breakdown" time="0.141" /><testcase classname="backend.tests.test_check_runs_funding.TestDashboardFundingHealth" name="test_get_funding_health" time="0.476" /><testcase classname="backend.tests.test_check_runs_funding.TestDashboardFundingHealth" name="test_funding_health_deficit_groups" time="0.119" /><testcase classname="backend.tests.test_check_runs_funding.TestGroupsList" name="test_groups_list_includes_funding_type" time="0.454" /><testcase classname="backend.tests.test_check_runs_funding.TestGroupDetail" name="test_group_detail_includes_funding_type" time="0.435" /><testcase classname="backend.tests.test_check_runs_funding.TestGroupDetail" name="test_level_funded_group_detail" time="0.111" /><testcase classname="backend.tests.test_check_runs_funding.TestCheckRunConfirmAndExecute" name="test_confirm_funding_not_found" time="0.462" /><testcase classname="backend.tests.test_check_runs_funding.TestCheckRunConfirmAndExecute" name="test_execute_not_found" time="0.101" /><testcase classname="backend.tests.test_check_runs_funding.TestCheckRunConfirmAndExecute" name="test_confirm_funding_wrong_status" time="0.243" /><testcase classname="backend.tests.test_check_runs_funding.TestCheckRunConfirmAndExecute" name="test_execute_wrong_status" time="0.108"><skipped type="pytest.skip" message="No pending_funding runs to test wrong status">/app/backend/tests/test_check_runs_funding.py:527: No pending_funding runs to test wrong status</skipped></testcase><testcase classname="backend.tests.test_check_runs_funding.TestRegressionExistingEndpoints" name="test_dashboard_metrics" time="0.451" /><testcase classname="backend.tests.test_check_runs_funding.TestRegressionExistingEndpoints" name="test_claims_list" time="0.106" /><testcase classname="backend.tests.test_check_runs_funding.TestRegressionExistingEndpoints" name="test_members_list" time="0.107" /><testcase classname="backend.tests.test_check_runs_funding.TestRegressionExistingEndpoints" name="test_plans_list" time="0.108" /></testsuite></testsuites>