<?xml version="1.0" encoding="utf-8"?><testsuites name="pytest tests"><testsuite name="pytest" errors="0" failures="0" skipped="0" tests="11" time="1.848" timestamp="2026-03-29T23:15:07.473628+00:00" hostname="agent-env-2c045764-8f88-4a6f-892e-0362cde0e81f"><testcase classname="tests.test_hour_bank.TestHourBankUpload" name="test_upload_work_report_csv" time="0.532" /><testcase classname="tests.test_hour_bank.TestHourBankUpload" name="test_upload_invalid_member" time="0.138" /><testcase classname="tests.test_hour_bank.TestHourBankLedger" name="test_get_member_hour_bank_MBR001" time="0.127" /><testcase classname="tests.test_hour_bank.TestHourBankLedger" name="test_get_member_hour_bank_MBR201307" time="0.150" /><testcase classname="tests.test_hour_bank.TestHourBankLedger" name="test_get_nonexistent_member_hour_bank" time="0.122" /><testcase classname="tests.test_hour_bank.TestHourBankMonthlyRun" name="test_run_monthly_no_threshold_plans" time="0.132" /><testcase classname="tests.test_hour_bank.TestHourBankMonthlyRun" name="test_run_monthly_with_period" time="0.121" /><testcase classname="tests.test_hour_bank.TestHourBankDeficiencyReport" name="test_get_deficiency_report" time="0.116" /><testcase classname="tests.test_hour_bank.TestPlanEligibilityThreshold" name="test_get_plans_with_threshold_fields" time="0.111" /><testcase classname="tests.test_hour_bank.TestAdjudicationHourBankDenial" name="test_check_adjudication_code_path" time="0.102" /><testcase classname="tests.test_hour_bank.TestHealthCheck" name="test_health_endpoint" time="0.113" /></testsuite></testsuites>