<?xml version="1.0" encoding="utf-8"?><testsuites name="pytest tests"><testsuite name="pytest" errors="0" failures="0" skipped="0" tests="16" time="3.565" timestamp="2026-03-29T21:19:19.398349+00:00" hostname="agent-env-2c045764-8f88-4a6f-892e-0362cde0e81f"><testcase classname="backend.tests.test_groups_mec1.TestGroupsList" name="test_groups_list_returns_array" time="0.509" /><testcase classname="backend.tests.test_groups_mec1.TestGroupsList" name="test_groups_list_contains_acme" time="0.110" /><testcase classname="backend.tests.test_groups_mec1.TestGroupDetail" name="test_get_group_by_id" time="0.252" /><testcase classname="backend.tests.test_groups_mec1.TestGroupDetail" name="test_group_has_stop_loss_config" time="0.251" /><testcase classname="backend.tests.test_groups_mec1.TestGroupDetail" name="test_group_has_sftp_config" time="0.207" /><testcase classname="backend.tests.test_groups_mec1.TestGroupPulseAnalytics" name="test_pulse_analytics_returns_data" time="0.246" /><testcase classname="backend.tests.test_groups_mec1.TestGroupPulseAnalytics" name="test_pulse_stop_loss_surplus" time="0.246" /><testcase classname="backend.tests.test_groups_mec1.TestMEC1PlanTemplate" name="test_create_mec1_plan" time="0.211" /><testcase classname="backend.tests.test_groups_mec1.TestPlanAttachment" name="test_attach_plan_to_group" time="0.428" /><testcase classname="backend.tests.test_groups_mec1.TestStopLossUpdate" name="test_update_stop_loss_config" time="0.204" /><testcase classname="backend.tests.test_groups_mec1.TestSFTPUpdate" name="test_update_sftp_config" time="0.223" /><testcase classname="backend.tests.test_groups_mec1.TestGroupCreate" name="test_create_group_with_all_fields" time="0.117" /><testcase classname="backend.tests.test_groups_mec1.TestExistingEndpointsStillWork" name="test_dashboard_metrics_still_works" time="0.119" /><testcase classname="backend.tests.test_groups_mec1.TestExistingEndpointsStillWork" name="test_plans_list_still_works" time="0.112" /><testcase classname="backend.tests.test_groups_mec1.TestExistingEndpointsStillWork" name="test_claims_list_still_works" time="0.124" /><testcase classname="backend.tests.test_groups_mec1.TestExistingEndpointsStillWork" name="test_preventive_services_still_works" time="0.105" /></testsuite></testsuites>