<?xml version="1.0" encoding="utf-8"?><testsuites name="pytest tests"><testsuite name="pytest" errors="0" failures="0" skipped="0" tests="16" time="3.406" timestamp="2026-03-30T03:18:12.564164+00:00" hostname="agent-env-2c045764-8f88-4a6f-892e-0362cde0e81f"><testcase classname="backend.tests.test_vapi_zelis_integration.TestVapiVoiceAgent" name="test_vapi_config_returns_enabled" time="0.544" /><testcase classname="backend.tests.test_vapi_zelis_integration.TestVapiVoiceAgent" name="test_vapi_assistant_details" time="0.193" /><testcase classname="backend.tests.test_vapi_zelis_integration.TestVapiVoiceAgent" name="test_vapi_webhook_tool_calls_eligibility" time="0.125" /><testcase classname="backend.tests.test_vapi_zelis_integration.TestVapiVoiceAgent" name="test_vapi_webhook_status_update" time="0.172" /><testcase classname="backend.tests.test_vapi_zelis_integration.TestVapiVoiceAgent" name="test_vapi_webhook_end_of_call_report" time="0.129" /><testcase classname="backend.tests.test_vapi_zelis_integration.TestVapiVoiceAgent" name="test_vapi_calls_history" time="0.111" /><testcase classname="backend.tests.test_vapi_zelis_integration.TestZelisPaymentVendor" name="test_zelis_methods_returns_5_methods" time="0.443" /><testcase classname="backend.tests.test_vapi_zelis_integration.TestZelisPaymentVendor" name="test_zelis_summary" time="0.124" /><testcase classname="backend.tests.test_vapi_zelis_integration.TestZelisPaymentVendor" name="test_zelis_transactions_list" time="0.114" /><testcase classname="backend.tests.test_vapi_zelis_integration.TestZelisPaymentVendor" name="test_zelis_submit_payment" time="0.424" /><testcase classname="backend.tests.test_vapi_zelis_integration.TestZelisPaymentVendor" name="test_zelis_status_check" time="0.206" /><testcase classname="backend.tests.test_vapi_zelis_integration.TestZelisPaymentVendor" name="test_zelis_era_documents_list" time="0.115" /><testcase classname="backend.tests.test_vapi_zelis_integration.TestZelisPaymentVendor" name="test_zelis_era_835_generation" time="0.258" /><testcase classname="backend.tests.test_vapi_zelis_integration.TestVapiWebhookEdgeCases" name="test_vapi_webhook_claim_status_lookup" time="0.110" /><testcase classname="backend.tests.test_vapi_zelis_integration.TestVapiWebhookEdgeCases" name="test_vapi_webhook_prior_auth_check" time="0.109" /><testcase classname="backend.tests.test_vapi_zelis_integration.TestVapiWebhookEdgeCases" name="test_vapi_webhook_create_escalation" time="0.129" /></testsuite></testsuites>