<?xml version="1.0" encoding="utf-8"?><testsuites name="pytest tests"><testsuite name="pytest" errors="0" failures="0" skipped="0" tests="36" time="5.228" timestamp="2026-03-29T22:53:10.698265+00:00" hostname="agent-env-2c045764-8f88-4a6f-892e-0362cde0e81f"><testcase classname="backend.tests.test_refactor_regression.TestHealthAndRoot" name="test_health_check" time="0.188" /><testcase classname="backend.tests.test_refactor_regression.TestAuth" name="test_login_success" time="0.337" /><testcase classname="backend.tests.test_refactor_regression.TestAuth" name="test_auth_me" time="0.470" /><testcase classname="backend.tests.test_refactor_regression.TestDashboard" name="test_dashboard_metrics" time="0.108" /><testcase classname="backend.tests.test_refactor_regression.TestDashboard" name="test_dashboard_claims_by_status" time="0.134" /><testcase classname="backend.tests.test_refactor_regression.TestDashboard" name="test_dashboard_claims_by_type" time="0.105" /><testcase classname="backend.tests.test_refactor_regression.TestDashboard" name="test_dashboard_recent_activity" time="0.107" /><testcase classname="backend.tests.test_refactor_regression.TestPlans" name="test_plans_list" time="0.175" /><testcase classname="backend.tests.test_refactor_regression.TestPlans" name="test_plans_get_single" time="0.228" /><testcase classname="backend.tests.test_refactor_regression.TestMembers" name="test_members_list" time="0.107" /><testcase classname="backend.tests.test_refactor_regression.TestMembers" name="test_members_eligibility_reconciliation" time="0.107" /><testcase classname="backend.tests.test_refactor_regression.TestMembers" name="test_members_eligibility_retro_terms" time="0.115" /><testcase classname="backend.tests.test_refactor_regression.TestMembers" name="test_members_eligibility_age_out_alerts" time="0.103" /><testcase classname="backend.tests.test_refactor_regression.TestGroups" name="test_groups_list" time="0.109" /><testcase classname="backend.tests.test_refactor_regression.TestGroups" name="test_groups_get_single" time="0.223" /><testcase classname="backend.tests.test_refactor_regression.TestClaims" name="test_claims_list" time="0.109" /><testcase classname="backend.tests.test_refactor_regression.TestClaims" name="test_claims_get_single" time="0.216" /><testcase classname="backend.tests.test_refactor_regression.TestClaims" name="test_claims_create" time="0.114" /><testcase classname="backend.tests.test_refactor_regression.TestExaminer" name="test_examiner_queue" time="0.108" /><testcase classname="backend.tests.test_refactor_regression.TestExaminer" name="test_examiner_queue_all" time="0.117" /><testcase classname="backend.tests.test_refactor_regression.TestExaminer" name="test_examiner_performance" time="0.143" /><testcase classname="backend.tests.test_refactor_regression.TestExaminer" name="test_examiner_list" time="0.107" /><testcase classname="backend.tests.test_refactor_regression.TestDuplicates" name="test_duplicates_list" time="0.107" /><testcase classname="backend.tests.test_refactor_regression.TestReports" name="test_reports_fixed_cost_vs_claims" time="0.142" /><testcase classname="backend.tests.test_refactor_regression.TestSettings" name="test_settings_adjudication_gateway" time="0.101" /><testcase classname="backend.tests.test_refactor_regression.TestAudit" name="test_audit_logs" time="0.096" /><testcase classname="backend.tests.test_refactor_regression.TestCodes" name="test_cpt_codes_search" time="0.104" /><testcase classname="backend.tests.test_refactor_regression.TestCodes" name="test_dental_codes_search" time="0.107" /><testcase classname="backend.tests.test_refactor_regression.TestCodes" name="test_vision_codes_search" time="0.122" /><testcase classname="backend.tests.test_refactor_regression.TestCodes" name="test_hearing_codes_search" time="0.120" /><testcase classname="backend.tests.test_refactor_regression.TestCodes" name="test_code_database_stats" time="0.110" /><testcase classname="backend.tests.test_refactor_regression.TestNetwork" name="test_network_summary" time="0.103" /><testcase classname="backend.tests.test_refactor_regression.TestPriorAuth" name="test_prior_auth_list" time="0.111" /><testcase classname="backend.tests.test_refactor_regression.TestPreventive" name="test_preventive_services" time="0.107" /><testcase classname="backend.tests.test_refactor_regression.TestPreventive" name="test_preventive_categories" time="0.121" /><testcase classname="backend.tests.test_refactor_regression.TestPreventive" name="test_preventive_analytics" time="0.124" /></testsuite></testsuites>