<?xml version="1.0" encoding="utf-8"?><testsuites name="pytest tests"><testsuite name="pytest" errors="0" failures="0" skipped="0" tests="11" time="5.450" timestamp="2026-03-29T23:37:57.984332+00:00" hostname="agent-env-2c045764-8f88-4a6f-892e-0362cde0e81f"><testcase classname="backend.tests.test_hour_bank_upgrade.TestBridgePaymentSettings" name="test_get_bridge_settings" time="0.465" /><testcase classname="backend.tests.test_hour_bank_upgrade.TestBridgePaymentSettings" name="test_update_bridge_settings" time="0.216" /><testcase classname="backend.tests.test_hour_bank_upgrade.TestHourBankMultiTier" name="test_get_member_hour_bank_multi_tier" time="0.539" /><testcase classname="backend.tests.test_hour_bank_upgrade.TestHourBankMultiTier" name="test_hour_bank_not_found" time="0.104" /><testcase classname="backend.tests.test_hour_bank_upgrade.TestManualHourEntry" name="test_manual_hour_entry" time="0.770" /><testcase classname="backend.tests.test_hour_bank_upgrade.TestBridgePaymentExecution" name="test_bridge_payment_requires_enabled" time="0.752" /><testcase classname="backend.tests.test_hour_bank_upgrade.TestMonthlyRunMultiTier" name="test_run_monthly_multi_tier" time="0.449" /><testcase classname="backend.tests.test_hour_bank_upgrade.TestPredictiveEligibilityReport" name="test_predictive_eligibility_endpoint" time="0.448" /><testcase classname="backend.tests.test_hour_bank_upgrade.TestHourBankDeficiencyEnhanced" name="test_hour_bank_deficiency_multi_tier" time="0.466" /><testcase classname="backend.tests.test_hour_bank_upgrade.TestClaimsEligibilitySource" name="test_claims_have_eligibility_source" time="0.579" /><testcase classname="backend.tests.test_hour_bank_upgrade.TestClaimCreationWithHourBankGatekeeper" name="test_create_claim_checks_hour_bank" time="0.566" /></testsuite></testsuites>