<?xml version="1.0" encoding="utf-8"?><testsuites name="pytest tests"><testsuite name="pytest" errors="0" failures="0" skipped="0" tests="15" time="6.932" timestamp="2026-03-29T22:09:11.879728+00:00" hostname="agent-env-2c045764-8f88-4a6f-892e-0362cde0e81f"><testcase classname="backend.tests.test_eligibility_features.TestEligibilityFeatures" name="test_reconciliation_endpoint_returns_expected_fields" time="0.454" /><testcase classname="backend.tests.test_eligibility_features.TestEligibilityFeatures" name="test_upload_tpa_feed_pipe_delimited" time="0.497" /><testcase classname="backend.tests.test_eligibility_features.TestEligibilityFeatures" name="test_reconciliation_shows_ghost_members_after_feed_upload" time="0.498" /><testcase classname="backend.tests.test_eligibility_features.TestEligibilityFeatures" name="test_retro_terms_endpoint" time="0.601" /><testcase classname="backend.tests.test_eligibility_features.TestEligibilityFeatures" name="test_request_refund_creates_clawback_ledger" time="0.504" /><testcase classname="backend.tests.test_eligibility_features.TestEligibilityFeatures" name="test_request_refund_member_not_found" time="0.381" /><testcase classname="backend.tests.test_eligibility_features.TestEligibilityFeatures" name="test_claim_for_unknown_member_creates_pending_eligibility" time="0.378" /><testcase classname="backend.tests.test_eligibility_features.TestEligibilityFeatures" name="test_process_pending_eligibility_endpoint" time="0.410" /><testcase classname="backend.tests.test_eligibility_features.TestEligibilityFeatures" name="test_age_out_alerts_endpoint" time="0.421" /><testcase classname="backend.tests.test_eligibility_features.TestEligibilityFeatures" name="test_create_dependent_for_age_out" time="0.497" /><testcase classname="backend.tests.test_eligibility_features.TestEligibilityFeatures" name="test_member_audit_trail_endpoint" time="0.477" /><testcase classname="backend.tests.test_eligibility_features.TestEligibilityFeatures" name="test_member_creation_logs_to_audit_trail" time="0.500" /><testcase classname="backend.tests.test_eligibility_features.TestMemberCRUD" name="test_list_members" time="0.380" /><testcase classname="backend.tests.test_eligibility_features.TestMemberCRUD" name="test_get_member_by_id" time="0.440" /><testcase classname="backend.tests.test_eligibility_features.TestMemberCRUD" name="test_get_member_not_found" time="0.392" /></testsuite></testsuites>