<?xml version="1.0" encoding="utf-8"?><testsuites name="pytest tests"><testsuite name="pytest" errors="0" failures="0" skipped="0" tests="12" time="2.692" timestamp="2026-03-29T22:24:56.820221+00:00" hostname="agent-env-2c045764-8f88-4a6f-892e-0362cde0e81f"><testcase classname="backend.tests.test_examiner_queue.TestExaminerQueueEndpoints" name="test_get_examiner_queue" time="0.491" /><testcase classname="backend.tests.test_examiner_queue.TestExaminerQueueEndpoints" name="test_get_examiner_performance" time="0.124" /><testcase classname="backend.tests.test_examiner_queue.TestExaminerQueueEndpoints" name="test_get_examiner_list" time="0.108" /><testcase classname="backend.tests.test_examiner_queue.TestQuickActions" name="test_quick_action_approve" time="0.262" /><testcase classname="backend.tests.test_examiner_queue.TestQuickActions" name="test_quick_action_invalid" time="0.120" /><testcase classname="backend.tests.test_examiner_queue.TestReassignment" name="test_reassign_claim" time="0.326" /><testcase classname="backend.tests.test_examiner_queue.TestReassignment" name="test_reassign_nonexistent_claim" time="0.242" /><testcase classname="backend.tests.test_examiner_queue.TestAutoAssignment" name="test_get_gateway_settings" time="0.112" /><testcase classname="backend.tests.test_examiner_queue.TestAutoAssignment" name="test_set_gateway_for_auto_assignment" time="0.115" /><testcase classname="backend.tests.test_examiner_queue.TestAutoAssignment" name="test_create_tier3_claim_auto_assigns" time="0.256" /><testcase classname="backend.tests.test_examiner_queue.TestAutoAssignment" name="test_authority_routing_high_dollar" time="0.326" /><testcase classname="backend.tests.test_examiner_queue.TestQueueAllEndpoint" name="test_get_all_queues" time="0.127" /></testsuite></testsuites>