<?xml version="1.0" encoding="utf-8"?><testsuites name="pytest tests"><testsuite name="pytest" errors="0" failures="0" skipped="0" tests="13" time="4.218" timestamp="2026-03-29T21:53:55.821232+00:00" hostname="agent-env-2c045764-8f88-4a6f-892e-0362cde0e81f"><testcase classname="tests.test_gateway_hold_examiner.TestAdjudicationGatewayConfig" name="test_get_gateway_config" time="0.702" /><testcase classname="tests.test_gateway_hold_examiner.TestAdjudicationGatewayConfig" name="test_update_gateway_config" time="0.262" /><testcase classname="tests.test_gateway_hold_examiner.TestTierLogicOnClaimCreation" name="test_tier1_auto_pilot_claim" time="0.477" /><testcase classname="tests.test_gateway_hold_examiner.TestTierLogicOnClaimCreation" name="test_tier2_audit_hold_claim" time="0.325" /><testcase classname="tests.test_gateway_hold_examiner.TestTierLogicOnClaimCreation" name="test_tier3_hard_hold_claim" time="0.233" /><testcase classname="tests.test_gateway_hold_examiner.TestMangerialHold" name="test_place_claim_on_hold" time="0.216" /><testcase classname="tests.test_gateway_hold_examiner.TestMangerialHold" name="test_release_hold_admin_only" time="0.429" /><testcase classname="tests.test_gateway_hold_examiner.TestExaminerWorkspaceActions" name="test_force_preventive" time="0.222" /><testcase classname="tests.test_gateway_hold_examiner.TestExaminerWorkspaceActions" name="test_adjust_deductible" time="0.217" /><testcase classname="tests.test_gateway_hold_examiner.TestExaminerWorkspaceActions" name="test_carrier_notification" time="0.264" /><testcase classname="tests.test_gateway_hold_examiner.TestBordereauxExclusion" name="test_fixed_cost_excludes_held_claims" time="0.455" /><testcase classname="tests.test_gateway_hold_examiner.TestUsersEndpoint" name="test_list_users_admin" time="0.108" /><testcase classname="tests.test_gateway_hold_examiner.TestDashboardMetrics" name="test_dashboard_includes_held_claims" time="0.212" /></testsuite></testsuites>