<?xml version="1.0" encoding="utf-8"?><testsuites name="pytest tests"><testsuite name="pytest" errors="0" failures="0" skipped="0" tests="6" time="3.149" timestamp="2026-03-29T21:36:42.458500+00:00" hostname="agent-env-2c045764-8f88-4a6f-892e-0362cde0e81f"><testcase classname="backend.tests.test_mec1_adjudication.TestMEC1Adjudication" name="test_preventive_claim_auto_approved_zero_cost" time="0.511" /><testcase classname="backend.tests.test_mec1_adjudication.TestMEC1Adjudication" name="test_non_preventive_claim_auto_denied" time="0.560" /><testcase classname="backend.tests.test_mec1_adjudication.TestMEC1Adjudication" name="test_mec_group_pulse_analytics" time="0.498" /><testcase classname="backend.tests.test_mec1_adjudication.TestMEC1Adjudication" name="test_fixed_cost_vs_claims_report" time="0.489" /><testcase classname="backend.tests.test_mec1_adjudication.TestMEC1Adjudication" name="test_group_detail_has_mec_plan" time="0.587" /><testcase classname="backend.tests.test_mec1_adjudication.TestGroupCreationWithFinancials" name="test_create_group_with_financials" time="0.445" /></testsuite></testsuites>